<?xml version="1.0" encoding="UTF-8"?>
<testng-results ignored="0" total="1" passed="1" failed="0" skipped="0">
  <reporter-output>
  </reporter-output>
  <suite started-at="2026-03-02T14:34:15 IST" name="AdditionTests" finished-at="2026-03-02T14:34:17 IST" duration-ms="2449">
    <groups>
    </groups>
    <test started-at="2026-03-02T14:34:15 IST" name="AddTest" finished-at="2026-03-02T14:34:17 IST" duration-ms="2449">
      <class name="com.example.AddTest">
        <test-method is-config="true" signature="setup()[pri:0, instance:com.example.AddTest@59d016c9]" started-at="2026-03-02T14:34:15 IST" name="setup" finished-at="2026-03-02T14:34:16 IST" duration-ms="1148" status="PASS">
          <reporter-output>
          </reporter-output>
        </test-method> <!-- setup -->
        <test-method signature="testAddition()[pri:0, instance:com.example.AddTest@59d016c9]" started-at="2026-03-02T14:34:16 IST" name="testAddition" finished-at="2026-03-02T14:34:17 IST" duration-ms="1170" status="PASS">
          <reporter-output>
          </reporter-output>
        </test-method> <!-- testAddition -->
        <test-method is-config="true" signature="tearDown()[pri:0, instance:com.example.AddTest@59d016c9]" started-at="2026-03-02T14:34:17 IST" name="tearDown" finished-at="2026-03-02T14:34:17 IST" duration-ms="100" status="PASS">
          <reporter-output>
          </reporter-output>
        </test-method> <!-- tearDown -->
      </class> <!-- com.example.AddTest -->
    </test> <!-- AddTest -->
  </suite> <!-- AdditionTests -->
</testng-results>
